{
  message: 'Access token can be generated by refresh token',
  level: 'info',
  timestamp: '2025-12-03 22:09:12'
}
{
  message: 'Access token can be generated by refresh token',
  level: 'info',
  timestamp: '2025-12-03 22:17:05'
}
{
  message: `REQUEST-METHOD = GET , URL = https://www.zohoapis.com/crm/v7/users?type=CurrentUser& , HEADERS = [["Authorization"," ## can't disclose ## "],["X-ZOHO-SDK","darwin/25.2.0/nodejs-7.0/v20.19.0:4.0.0"]] , PARAMS = [["type","CurrentUser"]].`,
  level: 'info',
  timestamp: '2025-12-03 22:17:07'
}
{
  message: `REQUEST-METHOD = GET , URL = https://www.zohoapis.com/crm/v7/org , HEADERS = [["Authorization"," ## can't disclose ## "],["X-ZOHO-SDK","darwin/25.2.0/nodejs-7.0/v20.19.0:4.0.0"]] , PARAMS = [].`,
  level: 'info',
  timestamp: '2025-12-03 22:17:09'
}
{
  message: 'Initialization successful https://www.zohoapis.com',
  level: 'info',
  timestamp: '2025-12-03 22:17:09'
}
{
  message: 'Access token can be generated by refresh token',
  level: 'info',
  timestamp: '2025-12-03 22:18:30'
}
{
  message: `REQUEST-METHOD = GET , URL = https://www.zohoapis.com/crm/v7/users?type=CurrentUser& , HEADERS = [["Authorization"," ## can't disclose ## "],["X-ZOHO-SDK","darwin/25.2.0/nodejs-7.0/v20.19.0:4.0.0"]] , PARAMS = [["type","CurrentUser"]].`,
  level: 'info',
  timestamp: '2025-12-03 22:18:33'
}
{
  message: `REQUEST-METHOD = GET , URL = https://www.zohoapis.com/crm/v7/org , HEADERS = [["Authorization"," ## can't disclose ## "],["X-ZOHO-SDK","darwin/25.2.0/nodejs-7.0/v20.19.0:4.0.0"]] , PARAMS = [].`,
  level: 'info',
  timestamp: '2025-12-03 22:18:34'
}
{
  message: 'Initialization successful https://www.zohoapis.com',
  level: 'info',
  timestamp: '2025-12-03 22:18:35'
}
{
  message: `REQUEST-METHOD = GET , URL = https://www.zohoapis.com/crm/v7/settings/fields?module=Contacts& , HEADERS = [["Authorization"," ## can't disclose ## "],["X-ZOHO-SDK","darwin/25.2.0/nodejs-7.0/v20.19.0:4.0.0"]] , PARAMS = [["module","Contacts"]].`,
  level: 'info',
  timestamp: '2025-12-03 22:18:38'
}
{
  code: 'API_EXCEPTION',
  message: 'Exception  {"code":"OAUTH_SCOPE_MISMATCH","status":"error","message":"invalid oauth scope to access this URL"}',
  cause: null,
  details: {
    code: 'OAUTH_SCOPE_MISMATCH',
    status: 'error',
    message: 'invalid oauth scope to access this URL'
  },
  level: 'error',
  stack: 'Error: {"code":"OAUTH_SCOPE_MISMATCH","status":"error","message":"invalid oauth scope to access this URL"}\n' +
    '    at Function.getFieldsDetails (/Users/maksymholovakhin/skyluxse/node_modules/@zohocrm/nodejs-sdk-7.0/lib/utils/util/utility.js:453:27)\n' +
    '    at async Function.getFieldsInfo (/Users/maksymholovakhin/skyluxse/node_modules/@zohocrm/nodejs-sdk-7.0/lib/utils/util/utility.js:185:29)\n' +
    '    at async Function.getFields (/Users/maksymholovakhin/skyluxse/node_modules/@zohocrm/nodejs-sdk-7.0/lib/utils/util/utility.js:117:7)\n' +
    '    at async RecordOperations.createRecords (/Users/maksymholovakhin/skyluxse/node_modules/@zohocrm/nodejs-sdk-7.0/lib/core/com/zoho/crm/api/record/record_operations.js:197:3)\n' +
    '    at async createZohoClient (/Users/maksymholovakhin/skyluxse/lib/zoho/client.ts:24:22)\n' +
    '    at async createClientAction (/Users/maksymholovakhin/skyluxse/app/actions/zoho.ts:12:26)\n' +
    '    at async verifyZohoIntegration (/Users/maksymholovakhin/skyluxse/scripts/verify-zoho.ts:10:26)',
  timestamp: '2025-12-03 22:18:42'
}
{
  message: 'Access token can be generated by refresh token',
  level: 'info',
  timestamp: '2025-12-03 22:24:38'
}
{
  message: `REQUEST-METHOD = GET , URL = https://www.zohoapis.com/crm/v7/users?type=CurrentUser& , HEADERS = [["Authorization"," ## can't disclose ## "],["X-ZOHO-SDK","darwin/25.2.0/nodejs-7.0/v20.19.0:4.0.0"]] , PARAMS = [["type","CurrentUser"]].`,
  level: 'info',
  timestamp: '2025-12-03 22:24:41'
}
{
  message: `REQUEST-METHOD = GET , URL = https://www.zohoapis.com/crm/v7/org , HEADERS = [["Authorization"," ## can't disclose ## "],["X-ZOHO-SDK","darwin/25.2.0/nodejs-7.0/v20.19.0:4.0.0"]] , PARAMS = [].`,
  level: 'info',
  timestamp: '2025-12-03 22:24:42'
}
{
  message: 'Initialization successful https://www.zohoapis.com',
  level: 'info',
  timestamp: '2025-12-03 22:24:42'
}
{
  message: `REQUEST-METHOD = GET , URL = https://www.zohoapis.com/crm/v7/settings/fields?module=Contacts& , HEADERS = [["Authorization"," ## can't disclose ## "],["X-ZOHO-SDK","darwin/25.2.0/nodejs-7.0/v20.19.0:4.0.0"]] , PARAMS = [["module","Contacts"]].`,
  level: 'info',
  timestamp: '2025-12-03 22:24:42'
}
{
  message: `REQUEST-METHOD = GET , URL = https://www.zohoapis.com/crm/v7/settings/fields?module=Accounts& , HEADERS = [["Authorization"," ## can't disclose ## "],["X-ZOHO-SDK","darwin/25.2.0/nodejs-7.0/v20.19.0:4.0.0"]] , PARAMS = [["module","Accounts"]].`,
  level: 'info',
  timestamp: '2025-12-03 22:24:43'
}
{
  message: `REQUEST-METHOD = GET , URL = https://www.zohoapis.com/crm/v7/settings/fields?module=Vendors& , HEADERS = [["Authorization"," ## can't disclose ## "],["X-ZOHO-SDK","darwin/25.2.0/nodejs-7.0/v20.19.0:4.0.0"]] , PARAMS = [["module","Vendors"]].`,
  level: 'info',
  timestamp: '2025-12-03 22:24:44'
}
{
  message: `REQUEST-METHOD = POST , URL = https://www.zohoapis.com/crm/v7/Contacts , HEADERS = [["Authorization"," ## can't disclose ## "],["X-ZOHO-SDK","darwin/25.2.0/nodejs-7.0/v20.19.0:4.0.0"]] , PARAMS = [].`,
  level: 'info',
  timestamp: '2025-12-03 22:24:44'
}
